2024-07-10 14:29:14,073 - INFO - This is an info message logged to a file
2024-07-10 14:34:18,304 - INFO - Loading data...
2024-07-10 14:34:46,250 - INFO - Loading data...
2024-07-10 14:34:46,263 - INFO - Data loaded with shape (10, 4)
2024-07-10 14:34:46,264 - INFO - Preprocessing data...
2024-07-10 14:34:46,277 - INFO - Data preprocessed. Features shape: (10, 3), Target shape: (10,)
2024-07-10 14:34:46,277 - INFO - Splitting data into training and test sets...
2024-07-10 14:34:46,287 - INFO - Data split. Training set shape: (8, 3), Test set shape: (2, 3)
2024-07-10 14:34:46,288 - INFO - Training model...
2024-07-10 14:34:46,539 - INFO - Model training completed
2024-07-10 14:34:46,540 - INFO - Evaluating model...
2024-07-10 14:34:46,551 - INFO - Model accuracy: 1.0
2024-07-10 14:34:46,552 - INFO - Saving model...
2024-07-10 14:38:52,410 - INFO - Loading data...
2024-07-10 14:38:52,414 - INFO - Data loaded with shape (10, 4)
2024-07-10 14:38:52,415 - INFO - Preprocessing data...
2024-07-10 14:38:52,418 - INFO - Data preprocessed. Features shape: (10, 3), Target shape: (10,)
2024-07-10 14:38:52,419 - INFO - Splitting data into training and test sets...
2024-07-10 14:38:52,422 - INFO - Data split. Training set shape: (8, 3), Test set shape: (2, 3)
2024-07-10 14:38:52,423 - INFO - Training model...
2024-07-10 14:38:52,700 - INFO - Model training completed
2024-07-10 14:38:52,700 - INFO - Evaluating model...
2024-07-10 14:38:52,711 - INFO - Model accuracy: 1.0
2024-07-10 14:38:52,711 - INFO - Saving model...
